<?xml version="1.0" encoding="UTF-8"?>
<!-- Generated by org.testng.reporters.JUnitXMLReporter -->
<testsuite ignored="0" hostname="thu-alkfl" failures="0" tests="3" name="Default test" time="9.184" errors="0" timestamp="٢٠٢٥-٠٤-٢٦T٢٠:٣٩:٤٨ EET">
  <testcase classname="codenboxautomationlab.CodenBoxAutomation" name="getOnlyInstructorName" time="0.087"/>
  <testcase classname="codenboxautomationlab.CodenBoxAutomation" name="getOnlyCourseName" time="0.075"/>
  <testcase classname="codenboxautomationlab.CodenBoxAutomation" name="getOnlyPricee" time="0.089"/>
</testsuite> <!-- Default test -->
