<?xml version="1.0" encoding="UTF-8"?>
<testng-results ignored="0" total="15" passed="14" failed="1" skipped="0">
  <reporter-output>
  </reporter-output>
  <suite started-at="٢٠٢٥-٠٤-٢٨T٢٣:٥٤:٣٤ EET" name="Default suite" finished-at="٢٠٢٥-٠٤-٢٨T٢٣:٥٥:١٦ EET" duration-ms="41429">
    <groups>
    </groups>
    <test started-at="٢٠٢٥-٠٤-٢٨T٢٣:٥٤:٣٤ EET" name="Default test" finished-at="٢٠٢٥-٠٤-٢٨T٢٣:٥٥:١٦ EET" duration-ms="41429">
      <class name="codenboxautomationlab.CodenBoxAutomation">
        <test-method is-config="true" signature="setup()[pri:0, instance:codenboxautomationlab.CodenBoxAutomation@4fce136b]" started-at="٢٠٢٥-٠٤-٢٨T٢٣:٥٤:٣٤ EET" name="setup" finished-at="٢٠٢٥-٠٤-٢٨T٢٣:٥٤:٤٠ EET" duration-ms="5852" status="PASS">
          <reporter-output>
          </reporter-output>
        </test-method> <!-- setup -->
        <test-method signature="redioButtons()[pri:1, instance:codenboxautomationlab.CodenBoxAutomation@4fce136b]" started-at="٢٠٢٥-٠٤-٢٨T٢٣:٥٤:٤٠ EET" name="redioButtons" finished-at="٢٠٢٥-٠٤-٢٨T٢٣:٥٤:٤٠ EET" duration-ms="70" status="PASS">
          <reporter-output>
          </reporter-output>
        </test-method> <!-- redioButtons -->
        <test-method signature="autoCompleteSelectCountry()[pri:2, instance:codenboxautomationlab.CodenBoxAutomation@4fce136b]" started-at="٢٠٢٥-٠٤-٢٨T٢٣:٥٤:٤٠ EET" name="autoCompleteSelectCountry" finished-at="٢٠٢٥-٠٤-٢٨T٢٣:٥٤:٤٤ EET" duration-ms="3583" status="PASS">
          <reporter-output>
          </reporter-output>
        </test-method> <!-- autoCompleteSelectCountry -->
        <test-method signature="dropDownButtonRandomSelectTest()[pri:3, instance:codenboxautomationlab.CodenBoxAutomation@4fce136b]" started-at="٢٠٢٥-٠٤-٢٨T٢٣:٥٤:٤٤ EET" name="dropDownButtonRandomSelectTest" finished-at="٢٠٢٥-٠٤-٢٨T٢٣:٥٤:٤٤ EET" duration-ms="112" status="PASS">
          <reporter-output>
          </reporter-output>
        </test-method> <!-- dropDownButtonRandomSelectTest -->
        <test-method signature="selectAllCheckBoxesTest()[pri:4, instance:codenboxautomationlab.CodenBoxAutomation@4fce136b]" started-at="٢٠٢٥-٠٤-٢٨T٢٣:٥٤:٤٤ EET" name="selectAllCheckBoxesTest" finished-at="٢٠٢٥-٠٤-٢٨T٢٣:٥٤:٤٤ EET" duration-ms="116" status="PASS">
          <reporter-output>
          </reporter-output>
        </test-method> <!-- selectAllCheckBoxesTest -->
        <test-method signature="deSelectAllCheckBoxesTest()[pri:5, instance:codenboxautomationlab.CodenBoxAutomation@4fce136b]" started-at="٢٠٢٥-٠٤-٢٨T٢٣:٥٤:٤٤ EET" name="deSelectAllCheckBoxesTest" finished-at="٢٠٢٥-٠٤-٢٨T٢٣:٥٤:٤٤ EET" duration-ms="104" status="PASS">
          <reporter-output>
          </reporter-output>
        </test-method> <!-- deSelectAllCheckBoxesTest -->
        <test-method signature="selectRandomCheckBoxeTest()[pri:6, instance:codenboxautomationlab.CodenBoxAutomation@4fce136b]" started-at="٢٠٢٥-٠٤-٢٨T٢٣:٥٤:٤٤ EET" name="selectRandomCheckBoxeTest" finished-at="٢٠٢٥-٠٤-٢٨T٢٣:٥٤:٤٤ EET" duration-ms="44" status="PASS">
          <reporter-output>
          </reporter-output>
        </test-method> <!-- selectRandomCheckBoxeTest -->
        <test-method signature="switchWindowTest()[pri:7, instance:codenboxautomationlab.CodenBoxAutomation@4fce136b]" started-at="٢٠٢٥-٠٤-٢٨T٢٣:٥٤:٤٤ EET" name="switchWindowTest" finished-at="٢٠٢٥-٠٤-٢٨T٢٣:٥٤:٥٧ EET" duration-ms="12326" status="PASS">
          <reporter-output>
          </reporter-output>
        </test-method> <!-- switchWindowTest -->
        <test-method signature="switchTapsTest()[pri:8, instance:codenboxautomationlab.CodenBoxAutomation@4fce136b]" started-at="٢٠٢٥-٠٤-٢٨T٢٣:٥٤:٥٧ EET" name="switchTapsTest" finished-at="٢٠٢٥-٠٤-٢٨T٢٣:٥٥:٠٤ EET" duration-ms="7144" status="PASS">
          <reporter-output>
          </reporter-output>
        </test-method> <!-- switchTapsTest -->
        <test-method signature="AlertDialogTest()[pri:9, instance:codenboxautomationlab.CodenBoxAutomation@4fce136b]" started-at="٢٠٢٥-٠٤-٢٨T٢٣:٥٥:٠٤ EET" name="AlertDialogTest" finished-at="٢٠٢٥-٠٤-٢٨T٢٣:٥٥:٠٧ EET" duration-ms="3120" status="PASS">
          <reporter-output>
          </reporter-output>
        </test-method> <!-- AlertDialogTest -->
        <test-method signature="AlertDialogTestConfirm()[pri:9, instance:codenboxautomationlab.CodenBoxAutomation@4fce136b]" started-at="٢٠٢٥-٠٤-٢٨T٢٣:٥٥:٠٧ EET" name="AlertDialogTestConfirm" finished-at="٢٠٢٥-٠٤-٢٨T٢٣:٥٥:٠٩ EET" duration-ms="2120" status="PASS">
          <reporter-output>
          </reporter-output>
        </test-method> <!-- AlertDialogTestConfirm -->
        <test-method signature="tableTest()[pri:10, instance:codenboxautomationlab.CodenBoxAutomation@4fce136b]" started-at="٢٠٢٥-٠٤-٢٨T٢٣:٥٥:٠٩ EET" name="tableTest" finished-at="٢٠٢٥-٠٤-٢٨T٢٣:٥٥:٠٩ EET" duration-ms="226" status="PASS">
          <reporter-output>
          </reporter-output>
        </test-method> <!-- tableTest -->
        <test-method signature="getOnlyInstructorName()[pri:11, instance:codenboxautomationlab.CodenBoxAutomation@4fce136b]" started-at="٢٠٢٥-٠٤-٢٨T٢٣:٥٥:٠٩ EET" name="getOnlyInstructorName" finished-at="٢٠٢٥-٠٤-٢٨T٢٣:٥٥:٠٩ EET" duration-ms="74" status="PASS">
          <reporter-output>
          </reporter-output>
        </test-method> <!-- getOnlyInstructorName -->
        <test-method signature="getOnlyCourseName()[pri:12, instance:codenboxautomationlab.CodenBoxAutomation@4fce136b]" started-at="٢٠٢٥-٠٤-٢٨T٢٣:٥٥:٠٩ EET" name="getOnlyCourseName" finished-at="٢٠٢٥-٠٤-٢٨T٢٣:٥٥:٠٩ EET" duration-ms="83" status="PASS">
          <reporter-output>
          </reporter-output>
        </test-method> <!-- getOnlyCourseName -->
        <test-method signature="getOnlyPricee()[pri:13, instance:codenboxautomationlab.CodenBoxAutomation@4fce136b]" started-at="٢٠٢٥-٠٤-٢٨T٢٣:٥٥:٠٩ EET" name="getOnlyPricee" finished-at="٢٠٢٥-٠٤-٢٨T٢٣:٥٥:٠٩ EET" duration-ms="91" status="PASS">
          <reporter-output>
          </reporter-output>
        </test-method> <!-- getOnlyPricee -->
        <test-method signature="hideAndShowButtonTest()[pri:14, instance:codenboxautomationlab.CodenBoxAutomation@4fce136b]" started-at="٢٠٢٥-٠٤-٢٨T٢٣:٥٥:٠٩ EET" name="hideAndShowButtonTest" finished-at="٢٠٢٥-٠٤-٢٨T٢٣:٥٥:١٣ EET" duration-ms="3067" status="FAIL">
          <exception class="org.openqa.selenium.NoSuchElementException">
            <message>
              <![CDATA[no such element: Unable to locate element: {"method":"xpath","selector":"//table[@id='hide-textbox']"}
  (Session info: chrome=135.0.7049.115)
For documentation on this error, please visit: https://www.selenium.dev/documentation/webdriver/troubleshooting/errors#no-such-element-exception
Build info: version: '4.31.0', revision: '1ef9f18787*'
System info: os.name: 'Windows 11', os.arch: 'amd64', os.version: '10.0', java.version: '21.0.6'
Driver info: org.openqa.selenium.chrome.ChromeDriver
Command: [74f774393827f1c9232305997cdad28c, findElement {using=xpath, value=//table[@id='hide-textbox']}]
Capabilities {acceptInsecureCerts: false, browserName: chrome, browserVersion: 135.0.7049.115, chrome: {chromedriverVersion: 135.0.7049.114 (63fd8a7d9d0..., userDataDir: C:\Users\thoth\AppData\Loca...}, fedcm:accounts: true, goog:chromeOptions: {debuggerAddress: localhost:63558}, networkConnectionEnabled: false, pageLoadStrategy: normal, platformName: windows, proxy: Proxy(), se:cdp: ws://localhost:63558/devtoo..., se:cdpVersion: 135.0.7049.115, setWindowRect: true, strictFileInteractability: false, timeouts: {implicit: 0, pageLoad: 300000, script: 30000}, unhandledPromptBehavior: dismiss and notify, webauthn:extension:credBlob: true, webauthn:extension:largeBlob: true, webauthn:extension:minPinLength: true, webauthn:extension:prf: true, webauthn:virtualAuthenticators: true}
Session ID: 74f774393827f1c9232305997cdad28c]]>
            </message>
            <full-stacktrace>
              <![CDATA[org.openqa.selenium.NoSuchElementException: no such element: Unable to locate element: {"method":"xpath","selector":"//table[@id='hide-textbox']"}
  (Session info: chrome=135.0.7049.115)
For documentation on this error, please visit: https://www.selenium.dev/documentation/webdriver/troubleshooting/errors#no-such-element-exception
Build info: version: '4.31.0', revision: '1ef9f18787*'
System info: os.name: 'Windows 11', os.arch: 'amd64', os.version: '10.0', java.version: '21.0.6'
Driver info: org.openqa.selenium.chrome.ChromeDriver
Command: [74f774393827f1c9232305997cdad28c, findElement {using=xpath, value=//table[@id='hide-textbox']}]
Capabilities {acceptInsecureCerts: false, browserName: chrome, browserVersion: 135.0.7049.115, chrome: {chromedriverVersion: 135.0.7049.114 (63fd8a7d9d0..., userDataDir: C:\Users\thoth\AppData\Loca...}, fedcm:accounts: true, goog:chromeOptions: {debuggerAddress: localhost:63558}, networkConnectionEnabled: false, pageLoadStrategy: normal, platformName: windows, proxy: Proxy(), se:cdp: ws://localhost:63558/devtoo..., se:cdpVersion: 135.0.7049.115, setWindowRect: true, strictFileInteractability: false, timeouts: {implicit: 0, pageLoad: 300000, script: 30000}, unhandledPromptBehavior: dismiss and notify, webauthn:extension:credBlob: true, webauthn:extension:largeBlob: true, webauthn:extension:minPinLength: true, webauthn:extension:prf: true, webauthn:virtualAuthenticators: true}
Session ID: 74f774393827f1c9232305997cdad28c
at java.base/jdk.internal.reflect.DirectConstructorHandleAccessor.newInstance(DirectConstructorHandleAccessor.java:62)
at java.base/java.lang.reflect.Constructor.newInstanceWithCaller(Constructor.java:502)
at java.base/java.lang.reflect.Constructor.newInstance(Constructor.java:486)
at org.openqa.selenium.remote.ErrorCodec.decode(ErrorCodec.java:167)
at org.openqa.selenium.remote.codec.w3c.W3CHttpResponseCodec.decode(W3CHttpResponseCodec.java:138)
at org.openqa.selenium.remote.codec.w3c.W3CHttpResponseCodec.decode(W3CHttpResponseCodec.java:50)
at org.openqa.selenium.remote.HttpCommandExecutor.execute(HttpCommandExecutor.java:215)
at org.openqa.selenium.remote.service.DriverCommandExecutor.invokeExecute(DriverCommandExecutor.java:216)
at org.openqa.selenium.remote.service.DriverCommandExecutor.execute(DriverCommandExecutor.java:174)
at org.openqa.selenium.remote.RemoteWebDriver.execute(RemoteWebDriver.java:545)
at org.openqa.selenium.remote.ElementLocation$ElementFinder$2.findElement(ElementLocation.java:165)
at org.openqa.selenium.remote.ElementLocation.findElement(ElementLocation.java:59)
at org.openqa.selenium.remote.RemoteWebDriver.findElement(RemoteWebDriver.java:368)
at org.openqa.selenium.remote.RemoteWebDriver.findElement(RemoteWebDriver.java:362)
at codenboxautomationlab.CodenBoxAutomation.hideAndShowButtonTest(CodenBoxAutomation.java:238)
at java.base/jdk.internal.reflect.DirectMethodHandleAccessor.invoke(DirectMethodHandleAccessor.java:103)
at java.base/java.lang.reflect.Method.invoke(Method.java:580)
at org.testng.internal.invokers.MethodInvocationHelper.invokeMethod(MethodInvocationHelper.java:141)
at org.testng.internal.invokers.TestInvoker.invokeMethod(TestInvoker.java:687)
at org.testng.internal.invokers.TestInvoker.invokeTestMethod(TestInvoker.java:230)
at org.testng.internal.invokers.MethodRunner.runInSequence(MethodRunner.java:63)
at org.testng.internal.invokers.TestInvoker$MethodInvocationAgent.invoke(TestInvoker.java:995)
at org.testng.internal.invokers.TestInvoker.invokeTestMethods(TestInvoker.java:203)
at org.testng.internal.invokers.TestMethodWorker.invokeTestMethods(TestMethodWorker.java:154)
at org.testng.internal.invokers.TestMethodWorker.run(TestMethodWorker.java:134)
at java.base/java.util.ArrayList.forEach(ArrayList.java:1596)
at org.testng.TestRunner.privateRun(TestRunner.java:741)
at org.testng.TestRunner.run(TestRunner.java:616)
at org.testng.SuiteRunner.runTest(SuiteRunner.java:421)
at org.testng.SuiteRunner.runSequentially(SuiteRunner.java:413)
at org.testng.SuiteRunner.privateRun(SuiteRunner.java:373)
at org.testng.SuiteRunner.run(SuiteRunner.java:312)
at org.testng.SuiteRunnerWorker.runSuite(SuiteRunnerWorker.java:52)
at org.testng.SuiteRunnerWorker.run(SuiteRunnerWorker.java:95)
at org.testng.TestNG.runSuitesSequentially(TestNG.java:1274)
at org.testng.TestNG.runSuitesLocally(TestNG.java:1208)
at org.testng.TestNG.runSuites(TestNG.java:1112)
at org.testng.TestNG.run(TestNG.java:1079)
at org.testng.remote.AbstractRemoteTestNG.run(AbstractRemoteTestNG.java:115)
at org.testng.remote.RemoteTestNG.initAndRun(RemoteTestNG.java:293)
at org.testng.remote.RemoteTestNG.main(RemoteTestNG.java:91)
]]>
            </full-stacktrace>
          </exception> <!-- org.openqa.selenium.NoSuchElementException -->
          <reporter-output>
          </reporter-output>
        </test-method> <!-- hideAndShowButtonTest -->
        <test-method is-config="true" signature="endTest()[pri:0, instance:codenboxautomationlab.CodenBoxAutomation@4fce136b]" started-at="٢٠٢٥-٠٤-٢٨T٢٣:٥٥:١٣ EET" name="endTest" finished-at="٢٠٢٥-٠٤-٢٨T٢٣:٥٥:١٦ EET" duration-ms="3251" status="PASS">
          <reporter-output>
          </reporter-output>
        </test-method> <!-- endTest -->
      </class> <!-- codenboxautomationlab.CodenBoxAutomation -->
    </test> <!-- Default test -->
  </suite> <!-- Default suite -->
</testng-results>
