<?xml version="1.0" encoding="UTF-8"?>
<testng-results ignored="0" total="14" passed="14" failed="0" skipped="0">
  <reporter-output>
  </reporter-output>
  <suite started-at="٢٠٢٥-٠٤-٢٧T١١:٢٣:٥٨ EET" name="Default suite" finished-at="٢٠٢٥-٠٤-٢٧T١١:٢٤:٣١ EET" duration-ms="32293">
    <groups>
    </groups>
    <test started-at="٢٠٢٥-٠٤-٢٧T١١:٢٣:٥٨ EET" name="Default test" finished-at="٢٠٢٥-٠٤-٢٧T١١:٢٤:٣١ EET" duration-ms="32293">
      <class name="codenboxautomationlab.CodenBoxAutomation">
        <test-method is-config="true" signature="setup()[pri:0, instance:codenboxautomationlab.CodenBoxAutomation@71cf1b07]" started-at="٢٠٢٥-٠٤-٢٧T١١:٢٣:٥٨ EET" name="setup" finished-at="٢٠٢٥-٠٤-٢٧T١١:٢٤:٠٣ EET" duration-ms="4198" status="PASS">
          <reporter-output>
          </reporter-output>
        </test-method> <!-- setup -->
        <test-method signature="redioButtons()[pri:1, instance:codenboxautomationlab.CodenBoxAutomation@71cf1b07]" started-at="٢٠٢٥-٠٤-٢٧T١١:٢٤:٠٣ EET" name="redioButtons" finished-at="٢٠٢٥-٠٤-٢٧T١١:٢٤:٠٣ EET" duration-ms="63" status="PASS">
          <reporter-output>
          </reporter-output>
        </test-method> <!-- redioButtons -->
        <test-method signature="autoCompleteSelectCountry()[pri:2, instance:codenboxautomationlab.CodenBoxAutomation@71cf1b07]" started-at="٢٠٢٥-٠٤-٢٧T١١:٢٤:٠٣ EET" name="autoCompleteSelectCountry" finished-at="٢٠٢٥-٠٤-٢٧T١١:٢٤:٠٦ EET" duration-ms="3600" status="PASS">
          <reporter-output>
          </reporter-output>
        </test-method> <!-- autoCompleteSelectCountry -->
        <test-method signature="dropDownButtonRandomSelectTest()[pri:3, instance:codenboxautomationlab.CodenBoxAutomation@71cf1b07]" started-at="٢٠٢٥-٠٤-٢٧T١١:٢٤:٠٦ EET" name="dropDownButtonRandomSelectTest" finished-at="٢٠٢٥-٠٤-٢٧T١١:٢٤:٠٦ EET" duration-ms="142" status="PASS">
          <reporter-output>
          </reporter-output>
        </test-method> <!-- dropDownButtonRandomSelectTest -->
        <test-method signature="selectAllCheckBoxesTest()[pri:4, instance:codenboxautomationlab.CodenBoxAutomation@71cf1b07]" started-at="٢٠٢٥-٠٤-٢٧T١١:٢٤:٠٦ EET" name="selectAllCheckBoxesTest" finished-at="٢٠٢٥-٠٤-٢٧T١١:٢٤:٠٧ EET" duration-ms="117" status="PASS">
          <reporter-output>
          </reporter-output>
        </test-method> <!-- selectAllCheckBoxesTest -->
        <test-method signature="deSelectAllCheckBoxesTest()[pri:5, instance:codenboxautomationlab.CodenBoxAutomation@71cf1b07]" started-at="٢٠٢٥-٠٤-٢٧T١١:٢٤:٠٧ EET" name="deSelectAllCheckBoxesTest" finished-at="٢٠٢٥-٠٤-٢٧T١١:٢٤:٠٧ EET" duration-ms="105" status="PASS">
          <reporter-output>
          </reporter-output>
        </test-method> <!-- deSelectAllCheckBoxesTest -->
        <test-method signature="selectRandomCheckBoxeTest()[pri:6, instance:codenboxautomationlab.CodenBoxAutomation@71cf1b07]" started-at="٢٠٢٥-٠٤-٢٧T١١:٢٤:٠٧ EET" name="selectRandomCheckBoxeTest" finished-at="٢٠٢٥-٠٤-٢٧T١١:٢٤:٠٧ EET" duration-ms="41" status="PASS">
          <reporter-output>
          </reporter-output>
        </test-method> <!-- selectRandomCheckBoxeTest -->
        <test-method signature="switchWindowTest()[pri:7, instance:codenboxautomationlab.CodenBoxAutomation@71cf1b07]" started-at="٢٠٢٥-٠٤-٢٧T١١:٢٤:٠٧ EET" name="switchWindowTest" finished-at="٢٠٢٥-٠٤-٢٧T١١:٢٤:١٤ EET" duration-ms="7151" status="PASS">
          <reporter-output>
          </reporter-output>
        </test-method> <!-- switchWindowTest -->
        <test-method signature="switchTapsTest()[pri:8, instance:codenboxautomationlab.CodenBoxAutomation@71cf1b07]" started-at="٢٠٢٥-٠٤-٢٧T١١:٢٤:١٤ EET" name="switchTapsTest" finished-at="٢٠٢٥-٠٤-٢٧T١١:٢٤:٢١ EET" duration-ms="7143" status="PASS">
          <reporter-output>
          </reporter-output>
        </test-method> <!-- switchTapsTest -->
        <test-method signature="AlertDialogTest()[pri:9, instance:codenboxautomationlab.CodenBoxAutomation@71cf1b07]" started-at="٢٠٢٥-٠٤-٢٧T١١:٢٤:٢١ EET" name="AlertDialogTest" finished-at="٢٠٢٥-٠٤-٢٧T١١:٢٤:٢٤ EET" duration-ms="3129" status="PASS">
          <reporter-output>
          </reporter-output>
        </test-method> <!-- AlertDialogTest -->
        <test-method signature="AlertDialogTestConfirm()[pri:9, instance:codenboxautomationlab.CodenBoxAutomation@71cf1b07]" started-at="٢٠٢٥-٠٤-٢٧T١١:٢٤:٢٤ EET" name="AlertDialogTestConfirm" finished-at="٢٠٢٥-٠٤-٢٧T١١:٢٤:٢٦ EET" duration-ms="2110" status="PASS">
          <reporter-output>
          </reporter-output>
        </test-method> <!-- AlertDialogTestConfirm -->
        <test-method signature="tableTest()[pri:10, instance:codenboxautomationlab.CodenBoxAutomation@71cf1b07]" started-at="٢٠٢٥-٠٤-٢٧T١١:٢٤:٢٦ EET" name="tableTest" finished-at="٢٠٢٥-٠٤-٢٧T١١:٢٤:٢٦ EET" duration-ms="237" status="PASS">
          <reporter-output>
          </reporter-output>
        </test-method> <!-- tableTest -->
        <test-method signature="getOnlyInstructorName()[pri:11, instance:codenboxautomationlab.CodenBoxAutomation@71cf1b07]" started-at="٢٠٢٥-٠٤-٢٧T١١:٢٤:٢٦ EET" name="getOnlyInstructorName" finished-at="٢٠٢٥-٠٤-٢٧T١١:٢٤:٢٧ EET" duration-ms="81" status="PASS">
          <reporter-output>
          </reporter-output>
        </test-method> <!-- getOnlyInstructorName -->
        <test-method signature="getOnlyCourseName()[pri:12, instance:codenboxautomationlab.CodenBoxAutomation@71cf1b07]" started-at="٢٠٢٥-٠٤-٢٧T١١:٢٤:٢٧ EET" name="getOnlyCourseName" finished-at="٢٠٢٥-٠٤-٢٧T١١:٢٤:٢٧ EET" duration-ms="80" status="PASS">
          <reporter-output>
          </reporter-output>
        </test-method> <!-- getOnlyCourseName -->
        <test-method signature="getOnlyPricee()[pri:13, instance:codenboxautomationlab.CodenBoxAutomation@71cf1b07]" started-at="٢٠٢٥-٠٤-٢٧T١١:٢٤:٢٧ EET" name="getOnlyPricee" finished-at="٢٠٢٥-٠٤-٢٧T١١:٢٤:٢٧ EET" duration-ms="74" status="PASS">
          <reporter-output>
          </reporter-output>
        </test-method> <!-- getOnlyPricee -->
        <test-method is-config="true" signature="endTest()[pri:0, instance:codenboxautomationlab.CodenBoxAutomation@71cf1b07]" started-at="٢٠٢٥-٠٤-٢٧T١١:٢٤:٢٧ EET" name="endTest" finished-at="٢٠٢٥-٠٤-٢٧T١١:٢٤:٣١ EET" duration-ms="3976" status="PASS">
          <reporter-output>
          </reporter-output>
        </test-method> <!-- endTest -->
      </class> <!-- codenboxautomationlab.CodenBoxAutomation -->
    </test> <!-- Default test -->
  </suite> <!-- Default suite -->
</testng-results>
